<?xml version="1.0" encoding="UTF-8"?>
<!-- Generated by org.testng.reporters.JUnitReportReporter -->
<testsuite hostname="epbyminw2451.minsk.epam.com" name="testEntity.testLibrary" tests="3" failures="0" timestamp="15 Feb 2016 11:59:59 GMT" time="0.010" errors="0">
  <testcase name="equalsTest" time="0.008" classname="testEntity.testLibrary"/>
  <testcase name="hashCodeTest" time="0.001" classname="testEntity.testLibrary"/>
  <testcase name="toStringTest" time="0.001" classname="testEntity.testLibrary"/>
</testsuite> <!-- testEntity.testLibrary -->
