<?xml version="1.0" encoding="UTF-8"?>
<!-- Generated by org.testng.reporters.JUnitReportReporter -->
<testsuite hostname="epbyminw2451.minsk.epam.com" name="testEntity.testBook" tests="5" failures="0" timestamp="15 Feb 2016 11:48:40 GMT" time="0.012" errors="0">
  <testcase name="toStringTest" time="0.001" classname="testEntity.testBook"/>
  <testcase name="testHashCode" time="0.001" classname="testEntity.testBook"/>
  <testcase name="toStringTest" time="0.001" classname="testEntity.testBook"/>
  <testcase name="testEquals" time="0.001" classname="testEntity.testBook"/>
  <testcase name="testEquals" time="0.008" classname="testEntity.testBook"/>
</testsuite> <!-- testEntity.testBook -->
